2023-12-08 13:42:57,204 - pyswarms.single.global_best - INFO - Optimize for 100 iters with {'c1': 0.5, 'c2': 0.3, 'w': 0.9}
2023-12-08 13:43:57,715 - pyswarms.single.global_best - INFO - Optimize for 100 iters with {'c1': 0.5, 'c2': 0.3, 'w': 0.9}
2023-12-08 13:44:25,394 - pyswarms.single.global_best - INFO - Optimize for 100 iters with {'c1': 0.5, 'c2': 0.3, 'w': 0.9}
2023-12-08 13:45:59,419 - pyswarms.single.global_best - INFO - Optimize for 100 iters with {'c1': 0.5, 'c2': 0.3, 'w': 0.9}
2023-12-08 13:46:55,436 - pyswarms.single.global_best - INFO - Optimize for 100 iters with {'c1': 0.5, 'c2': 0.3, 'w': 0.9}
2023-12-08 13:47:30,185 - pyswarms.single.global_best - INFO - Optimize for 100 iters with {'c1': 0.5, 'c2': 0.3, 'w': 0.9}
2023-12-08 13:48:45,259 - pyswarms.single.global_best - INFO - Optimize for 100 iters with {'c1': 0.5, 'c2': 0.3, 'w': 0.9}
2023-12-08 13:49:40,968 - pyswarms.single.global_best - INFO - Optimization finished | best cost: -1.105858820514833e+152, best pos: [0.72048528 0.38261162 0.54015526 0.67349206 0.88237026 0.01221733
 0.39329658 0.77166247]
2023-12-08 13:53:06,094 - pyswarms.backend.generators - ERROR - Bounds and/or init_pos should be of size (8,)
Traceback (most recent call last):
  File "C:\Users\Notandi\AppData\Local\Programs\Python\Python311\Lib\site-packages\pyswarms\backend\generators.py", line 74, in generate_swarm
    lb, ub = bounds
    ^^^^^^
ValueError: too many values to unpack (expected 2)
2023-12-08 13:55:10,946 - pyswarms.single.global_best - INFO - Optimize for 100 iters with {'c1': 0.5, 'c2': 0.3, 'w': 0.9}
2023-12-08 13:55:35,509 - pyswarms.single.global_best - INFO - Optimize for 100 iters with {'c1': 0.5, 'c2': 0.3, 'w': 0.9}
2023-12-08 13:56:02,096 - pyswarms.single.global_best - INFO - Optimize for 100 iters with {'c1': 0.5, 'c2': 0.3, 'w': 0.9}
2023-12-08 13:56:59,706 - pyswarms.single.global_best - INFO - Optimization finished | best cost: -75.48588253364058, best pos: [ 1.82764187  2.75058619 -7.59083902  5.22184677  0.20251473  2.7208569
  4.43999176 14.26644215]
2023-12-08 13:57:16,680 - pyswarms.single.global_best - INFO - Optimize for 100 iters with {'c1': 0.5, 'c2': 0.3, 'w': 0.9}
2023-12-08 14:02:44,095 - pyswarms.single.global_best - INFO - Optimize for 100 iters with {'c1': 0.5, 'c2': 0.3, 'w': 0.9}
2023-12-08 14:03:40,058 - pyswarms.single.global_best - INFO - Optimize for 100 iters with {'c1': 0.5, 'c2': 0.3, 'w': 0.9}
2023-12-08 14:03:50,253 - pyswarms.single.global_best - INFO - Optimize for 100 iters with {'c1': 0.5, 'c2': 0.3, 'w': 0.9}
2023-12-08 14:05:18,489 - pyswarms.single.global_best - INFO - Optimize for 100 iters with {'c1': 0.5, 'c2': 0.3, 'w': 0.9}
2023-12-08 14:06:15,234 - pyswarms.single.global_best - INFO - Optimization finished | best cost: 0.26535957956435297, best pos: [2.23088294 3.07266725 0.99692913 2.79775901 7.99794676 1.72505443
 3.6441365  0.510253  ]
2023-12-08 14:06:36,783 - pyswarms.single.global_best - INFO - Optimize for 100 iters with {'c1': 0.5, 'c2': 0.3, 'w': 0.9}
2023-12-08 14:15:59,610 - pyswarms.single.global_best - INFO - Optimization finished | best cost: 0.1390545019065155, best pos: [ 3.96795843 -5.45684211  4.40790099 -0.5840274   7.09690508  1.96826467
  3.13270118  0.84783017]
2023-12-08 14:38:27,566 - pyswarms.single.global_best - INFO - Optimize for 100 iters with {'c1': 0.5, 'c2': 0.3, 'w': 0.9}
2023-12-08 14:46:13,155 - pyswarms.single.global_best - INFO - Optimization finished | best cost: 2.498605635657722, best pos: [-2.26233023 -0.69543297  7.81645128  5.64398181  3.12465629  2.80526647
  4.90013198  8.17195125]
2023-12-09 12:52:36,644 - pyswarms.single.global_best - INFO - Optimize for 100 iters with {'c1': 0.5, 'c2': 0.3, 'w': 0.9}
2023-12-09 13:17:21,334 - pyswarms.single.global_best - INFO - Optimize for 100 iters with {'c1': 0.5, 'c2': 0.3, 'w': 0.9}
2023-12-09 13:17:43,397 - pyswarms.single.global_best - INFO - Optimize for 100 iters with {'c1': 0.5, 'c2': 0.3, 'w': 0.9}
2023-12-09 15:42:09,063 - pyswarms.single.global_best - INFO - Optimize for 100 iters with {'c1': 0.5, 'c2': 0.3, 'w': 0.9}
2023-12-09 15:42:54,692 - pyswarms.single.global_best - INFO - Optimize for 100 iters with {'c1': 0.5, 'c2': 0.3, 'w': 0.9}
2023-12-09 16:24:45,409 - pyswarms.single.global_best - INFO - Optimize for 100 iters with {'c1': 0.5, 'c2': 0.3, 'w': 0.9}
2023-12-09 16:26:31,070 - pyswarms.single.global_best - INFO - Optimization finished | best cost: 1.031529816497507, best pos: [ 0.66613342 -1.96160975 -2.78170437  2.45094524  8.29053559  0.07368471
  2.14313566 17.43459182]
2023-12-09 16:30:50,308 - pyswarms.single.global_best - INFO - Optimize for 100 iters with {'c1': 0.5, 'c2': 0.3, 'w': 0.9}
